0 info it worked if it ends with ok
1 verbose cli [ 'C:\\Program Files\\nodejs\\node.exe',
1 verbose cli   'C:\\Users\\Administrator\\AppData\\Roaming\\npm\\node_modules\\cnpm\\node_modules\\npm\\bin\\npm-cli.js',
1 verbose cli   '--userconfig=C:\\Users\\Administrator\\.cnpmrc',
1 verbose cli   '--disturl=https://npm.taobao.org/mirrors/node',
1 verbose cli   '--registry=https://registry.npm.taobao.org',
1 verbose cli   'rebuild',
1 verbose cli   'node-sass',
1 verbose cli   '--save-dev' ]
2 info using npm@3.10.10
3 info using node@v6.9.1
4 info readInstalled object
5 verbose rebuild path, id [ 'D:\\workspaces\\gallery-by-react\\node_modules\\node-sass',
5 verbose rebuild   'node-sass@4.0.0' ]
6 silly rebuild set [ 'D:\\workspaces\\gallery-by-react\\node_modules\\node-sass' ]
7 info build D:\workspaces\gallery-by-react\node_modules\node-sass
8 info lifecycle node-sass@4.0.0~preinstall: node-sass@4.0.0
9 silly lifecycle node-sass@4.0.0~preinstall: no script for preinstall, continuing
10 info linkStuff node-sass@4.0.0
11 silly linkStuff node-sass@4.0.0 has D:\workspaces\gallery-by-react\node_modules as its parent node_modules
12 verbose linkBins node-sass@4.0.0
13 verbose link bins [ { 'node-sass': 'bin/node-sass' },
13 verbose link bins   'D:\\workspaces\\gallery-by-react\\node_modules\\.bin',
13 verbose link bins   false ]
14 verbose linkMans node-sass@4.0.0
15 verbose rebuildBundles node-sass@4.0.0
16 verbose rebuildBundles [ '.bin',
16 verbose rebuildBundles   'async-foreach',
16 verbose rebuildBundles   'chalk',
16 verbose rebuildBundles   'cross-spawn',
16 verbose rebuildBundles   'gaze',
16 verbose rebuildBundles   'get-stdin',
16 verbose rebuildBundles   'glob',
16 verbose rebuildBundles   'in-publish',
16 verbose rebuildBundles   'lodash.assign',
16 verbose rebuildBundles   'lodash.clonedeep',
16 verbose rebuildBundles   'lodash.isarray',
16 verbose rebuildBundles   'lodash.mergewith',
16 verbose rebuildBundles   'mkdirp',
16 verbose rebuildBundles   'nan',
16 verbose rebuildBundles   'node-gyp',
16 verbose rebuildBundles   'npmlog',
16 verbose rebuildBundles   'request',
16 verbose rebuildBundles   'sass-graph' ]
17 info lifecycle node-sass@4.0.0~install: node-sass@4.0.0
18 verbose lifecycle node-sass@4.0.0~install: unsafe-perm in lifecycle true
19 verbose lifecycle node-sass@4.0.0~install: PATH: C:\Users\Administrator\AppData\Roaming\npm\node_modules\cnpm\node_modules\npm\bin\node-gyp-bin;D:\workspaces\gallery-by-react\node_modules\node-sass\node_modules\.bin;D:\workspaces\gallery-by-react\node_modules\.bin;C:\WINDOWS\system32;C:\WINDOWS;C:\WINDOWS\System32\Wbem;C:\WINDOWS\System32\WindowsPowerShell\v1.0\;C:\Program Files (x86)\Microsoft SQL Server\90\Tools\binn\;d:\jdk\bin;C:\Program Files\MySQL\MySQL Server 5.6\bin;D:\Program Files\Git\cmd;C:\Program Files\nodejs\;C:\Users\Administrator\AppData\Local\Programs\Python\Python35\Scripts\;C:\Users\Administrator\AppData\Local\Programs\Python\Python35\;C:\Users\Administrator\AppData\Roaming\npm;C:\AppServ\Apache24\bin;C:\AppServ\php5;C:\AppServ\MySQL\bin
20 verbose lifecycle node-sass@4.0.0~install: CWD: D:\workspaces\gallery-by-react\node_modules\node-sass
21 silly lifecycle node-sass@4.0.0~install: Args: [ '/d /s /c', 'node scripts/install.js' ]
22 silly lifecycle node-sass@4.0.0~install: Returned: code: 0  signal: null
23 info lifecycle node-sass@4.0.0~postinstall: node-sass@4.0.0
24 verbose lifecycle node-sass@4.0.0~postinstall: unsafe-perm in lifecycle true
25 verbose lifecycle node-sass@4.0.0~postinstall: PATH: C:\Users\Administrator\AppData\Roaming\npm\node_modules\cnpm\node_modules\npm\bin\node-gyp-bin;D:\workspaces\gallery-by-react\node_modules\node-sass\node_modules\.bin;D:\workspaces\gallery-by-react\node_modules\.bin;C:\WINDOWS\system32;C:\WINDOWS;C:\WINDOWS\System32\Wbem;C:\WINDOWS\System32\WindowsPowerShell\v1.0\;C:\Program Files (x86)\Microsoft SQL Server\90\Tools\binn\;d:\jdk\bin;C:\Program Files\MySQL\MySQL Server 5.6\bin;D:\Program Files\Git\cmd;C:\Program Files\nodejs\;C:\Users\Administrator\AppData\Local\Programs\Python\Python35\Scripts\;C:\Users\Administrator\AppData\Local\Programs\Python\Python35\;C:\Users\Administrator\AppData\Roaming\npm;C:\AppServ\Apache24\bin;C:\AppServ\php5;C:\AppServ\MySQL\bin
26 verbose lifecycle node-sass@4.0.0~postinstall: CWD: D:\workspaces\gallery-by-react\node_modules\node-sass
27 silly lifecycle node-sass@4.0.0~postinstall: Args: [ '/d /s /c', 'node scripts/build.js' ]
28 silly lifecycle node-sass@4.0.0~postinstall: Returned: code: 1  signal: null
29 info lifecycle node-sass@4.0.0~postinstall: Failed to exec postinstall script
30 verbose stack Error: node-sass@4.0.0 postinstall: `node scripts/build.js`
30 verbose stack Exit status 1
30 verbose stack     at EventEmitter.<anonymous> (C:\Users\Administrator\AppData\Roaming\npm\node_modules\cnpm\node_modules\npm\lib\utils\lifecycle.js:255:16)
30 verbose stack     at emitTwo (events.js:106:13)
30 verbose stack     at EventEmitter.emit (events.js:191:7)
30 verbose stack     at ChildProcess.<anonymous> (C:\Users\Administrator\AppData\Roaming\npm\node_modules\cnpm\node_modules\npm\lib\utils\spawn.js:40:14)
30 verbose stack     at emitTwo (events.js:106:13)
30 verbose stack     at ChildProcess.emit (events.js:191:7)
30 verbose stack     at maybeClose (internal/child_process.js:877:16)
30 verbose stack     at Process.ChildProcess._handle.onexit (internal/child_process.js:226:5)
31 verbose pkgid node-sass@4.0.0
32 verbose cwd D:\workspaces\gallery-by-react
33 error Windows_NT 10.0.10586
34 error argv "C:\\Program Files\\nodejs\\node.exe" "C:\\Users\\Administrator\\AppData\\Roaming\\npm\\node_modules\\cnpm\\node_modules\\npm\\bin\\npm-cli.js" "--userconfig=C:\\Users\\Administrator\\.cnpmrc" "--disturl=https://npm.taobao.org/mirrors/node" "--registry=https://registry.npm.taobao.org" "rebuild" "node-sass" "--save-dev"
35 error node v6.9.1
36 error npm  v3.10.10
37 error code ELIFECYCLE
38 error node-sass@4.0.0 postinstall: `node scripts/build.js`
38 error Exit status 1
39 error Failed at the node-sass@4.0.0 postinstall script 'node scripts/build.js'.
39 error Make sure you have the latest version of node.js and npm installed.
39 error If you do, this is most likely a problem with the node-sass package,
39 error not with npm itself.
39 error Tell the author that this fails on your system:
39 error     node scripts/build.js
39 error You can get information on how to open an issue for this project with:
39 error     npm bugs node-sass
39 error Or if that isn't available, you can get their info via:
39 error     npm owner ls node-sass
39 error There is likely additional logging output above.
40 verbose exit [ 1, true ]
